Token 1: PALRE Lexema: package Lexema1:packageLexema2:-
Token 2: ID Lexema: WS.Curso.Scrum.CTRL Lexema1:IDLexema2:CTRL
Token 3: OPESP Lexema: ; Lexema1:DELLexema2:-
Token 4: OPESP Lexema: : Lexema1:DELLexema2:-
Token 5: PALRE Lexema: import Lexema1:importLexema2:-
Token 6: ID Lexema: java Lexema1:IDLexema2:java
Token 7: OPESP Lexema: . Lexema1:DPULexema2:-
Token 8: ID Lexema: util Lexema1:IDLexema2:util
Token 9: OPESP Lexema: . Lexema1:DPULexema2:-
Token 10: ID Lexema: Scanner Lexema1:IDLexema2:Scanner
Token 11: OPESP Lexema: ; Lexema1:DELLexema2:-
Token 12: PALRE Lexema: public Lexema1:publicLexema2:-
Token 13: PALRE Lexema: class Lexema1:classLexema2:-
Token 14: ID Lexema: NewClass Lexema1:IDLexema2:NewClass
Token 15: OPESP Lexema: { Lexema1:LLILexema2:-
Token 16: PALRE Lexema: public Lexema1:publicLexema2:-
Token 17: PALRE Lexema: static Lexema1:staticLexema2:-
Token 18: ID Lexema: void Lexema1:IDLexema2:void
Token 19: ID Lexema: main Lexema1:IDLexema2:main
Token 20: OPESP Lexema: ( Lexema1:PIZLexema2:-
Token 21: PALRE Lexema: String Lexema1:StringLexema2:-
Token 22: OPESP Lexema: [ Lexema1:COILexema2:-
Token 23: OPESP Lexema: ] Lexema1:CODLexema2:-
Token 24: ID Lexema: args Lexema1:IDLexema2:args
Token 25: OPESP Lexema: ) Lexema1:PDELexema2:-
Token 26: OPESP Lexema: { Lexema1:LLILexema2:-
Token 27: PALRE Lexema: int Lexema1:intLexema2:-
Token 28: ID Lexema: n Lexema1:IDLexema2:n
Token 29: OPESP Lexema: , Lexema1:COMLexema2:,
Token 30: ID Lexema: i Lexema1:IDLexema2:i
Token 31: OPESP Lexema: ; Lexema1:DELLexema2:-
Token 32: PALRE Lexema: System.out.print Lexema1:printLexema2:-
Token 33: OPESP Lexema: ( Lexema1:PIZLexema2:-
Token 34: MSG Lexema: "Introduce un numero: " Lexema1:MSGLexema2:"Introduce un numero: "
Token 35: OPESP Lexema: ) Lexema1:PDELexema2:-
Token 36: OPESP Lexema: ; Lexema1:DELLexema2:-
Token 37: ID Lexema: Scanner Lexema1:IDLexema2:Scanner
Token 38: ID Lexema: leer Lexema1:IDLexema2:leer
Token 39: OPASI Lexema: = Lexema1:ASILexema2:-
Token 40: PALRE Lexema: new Lexema1:newLexema2:-
Token 41: ID Lexema: Scanner Lexema1:IDLexema2:Scanner
Token 42: OPESP Lexema: ( Lexema1:PIZLexema2:-
Token 43: ID Lexema: System Lexema1:IDLexema2:System
Token 44: OPESP Lexema: . Lexema1:DPULexema2:-
Token 45: PALRE Lexema: in Lexema1:inLexema2:-
Token 46: OPESP Lexema: ) Lexema1:PDELexema2:-
Token 47: OPESP Lexema: ; Lexema1:DELLexema2:-
Token 48: ID Lexema: n Lexema1:IDLexema2:n
Token 49: OPASI Lexema: = Lexema1:ASILexema2:-
Token 50: ID Lexema: leer Lexema1:IDLexema2:leer
Token 51: OPESP Lexema: . Lexema1:DPULexema2:-
Token 52: PALRE Lexema: nextInt Lexema1:nextIntLexema2:-
Token 53: OPESP Lexema: ( Lexema1:PIZLexema2:-
Token 54: OPESP Lexema: ) Lexema1:PDELexema2:-
Token 55: OPESP Lexema: ; Lexema1:DELLexema2:-
Token 56: PALRE Lexema: for Lexema1:forLexema2:-
Token 57: OPESP Lexema: ( Lexema1:PIZLexema2:-
Token 58: ID Lexema: i Lexema1:IDLexema2:i
Token 59: OPASI Lexema: = Lexema1:ASILexema2:-
Token 60: NUM Lexema: 0 Lexema1:NUMLexema2:0
Token 61: OPESP Lexema: ; Lexema1:DELLexema2:-
Token 62: ID Lexema: i Lexema1:IDLexema2:i
Token 63: OPREL Lexema: <= Lexema1:MEILexema2:-
Token 64: ID Lexema: n Lexema1:IDLexema2:n
Token 65: OPESP Lexema: ; Lexema1:DELLexema2:-
Token 66: ID Lexema: i Lexema1:IDLexema2:i
Token 67: OPIND Lexema: ++ Lexema1:INCLexema2:-
Token 68: OPESP Lexema: ) Lexema1:PDELexema2:-
Token 69: OPESP Lexema: { Lexema1:LLILexema2:-
Token 70: PALRE Lexema: System.out.println Lexema1:printlnLexema2:-
Token 71: OPESP Lexema: ( Lexema1:PIZLexema2:-
Token 72: ID Lexema: i Lexema1:IDLexema2:i
Token 73: OPESP Lexema: ) Lexema1:PDELexema2:-
Token 74: OPESP Lexema: ; Lexema1:DELLexema2:-
Token 75: OPESP Lexema: } Lexema1:LLDLexema2:-
Token 76: OPESP Lexema: } Lexema1:LLDLexema2:-
Token 77: OPESP Lexema: } Lexema1:LLDLexema2:-
